<?xml version="1.0" encoding="UTF-8"?>
<coverage generated="1665757830518" clover="3.2.0">
  <project timestamp="1665757830518" name="All files">
    <metrics statements="5" coveredstatements="0" conditionals="1" coveredconditionals="0" methods="1" coveredmethods="0" elements="7" coveredelements="0" complexity="0" loc="5" ncloc="5" packages="1" files="1" classes="1"/>
    <file name="signup.controller.ts" path="/Users/elisiomualumene/Desktop/clean-node-api/src/presentation/controllers/signup.controller.ts">
      <metrics statements="5" coveredstatements="0" conditionals="1" coveredconditionals="0" methods="1" coveredmethods="0"/>
      <line num="1" count="0" type="cond" truecount="0" falsecount="1"/>
      <line num="2" count="0" type="stmt"/>
      <line num="3" count="0" type="stmt"/>
      <line num="4" count="0" type="stmt"/>
      <line num="5" count="0" type="stmt"/>
    </file>
  </project>
</coverage>
